<?xml version="1.0" encoding="UTF-8"?>
<!-- Generated by org.testng.reporters.JUnitXMLReporter -->
<testsuite ignored="0" hostname="DESKTOP-8MT7VI7" failures="0" tests="4" name="java-playwright-basics" time="0.083" errors="0" timestamp="2024-03-29T16:12:14 PDT">
  <testcase classname="org.example.testng.BeforeAfterChildTest" name="testThree" time="0.001"/>
  <testcase classname="org.example.testng.BeforeAfterChildTest" name="testTwo" time="0.0"/>
  <testcase classname="org.example.testng.BeforeAfterChildTest" name="testFour" time="0.0"/>
  <testcase classname="org.example.testng.BeforeAfterChildTest" name="testOne" time="0.0"/>
</testsuite> <!-- java-playwright-basics -->
